Using pre-set license
Built from '2022.3/staging' branch; Version is '2022.3.17f1 (4fc78088f837) revision 5228416'; Using compiler version '192829333'; Build Type 'Release'
OS: 'Windows 10  (10.0.19045) 64bit CoreSingleLanguage' Language: 'en' Physical Memory: 16171 MB
BatchMode: 1, IsHumanControllingUs: 0, StartBugReporterOnCrash: 0, Is64bit: 1, IsPro: 1

COMMAND LINE ARGUMENTS:
D:\UNITY\2022.3.17f1\Editor\Unity.exe
-adb2
-batchMode
-noUpm
-name
AssetImportWorker3
-projectPath
D:/CODING/Github/a11y_vr_exergame
-logFile
Logs/AssetImportWorker3.log
-srvPort
55267
Successfully changed project path to: D:/CODING/Github/a11y_vr_exergame
D:/CODING/Github/a11y_vr_exergame
[UnityMemory] Configuration Parameters - Can be set up in boot.config
    "memorysetup-bucket-allocator-granularity=16"
    "memorysetup-bucket-allocator-bucket-count=8"
    "memorysetup-bucket-allocator-block-size=33554432"
    "memorysetup-bucket-allocator-block-count=8"
    "memorysetup-main-allocator-block-size=16777216"
    "memorysetup-thread-allocator-block-size=16777216"
    "memorysetup-gfx-main-allocator-block-size=16777216"
    "memorysetup-gfx-thread-allocator-block-size=16777216"
    "memorysetup-cache-allocator-block-size=4194304"
    "memorysetup-typetree-allocator-block-size=2097152"
    "memorysetup-profiler-bucket-allocator-granularity=16"
    "memorysetup-profiler-bucket-allocator-bucket-count=8"
    "memorysetup-profiler-bucket-allocator-block-size=33554432"
    "memorysetup-profiler-bucket-allocator-block-count=8"
    "memorysetup-profiler-allocator-block-size=16777216"
    "memorysetup-profiler-editor-allocator-block-size=1048576"
    "memorysetup-temp-allocator-size-main=16777216"
    "memorysetup-job-temp-allocator-block-size=2097152"
    "memorysetup-job-temp-allocator-block-size-background=1048576"
    "memorysetup-job-temp-allocator-reduction-small-platforms=262144"
    "memorysetup-allocator-temp-initial-block-size-main=262144"
    "memorysetup-allocator-temp-initial-block-size-worker=262144"
    "memorysetup-temp-allocator-size-background-worker=32768"
    "memorysetup-temp-allocator-size-job-worker=262144"
    "memorysetup-temp-allocator-size-preload-manager=33554432"
    "memorysetup-temp-allocator-size-nav-mesh-worker=65536"
    "memorysetup-temp-allocator-size-audio-worker=65536"
    "memorysetup-temp-allocator-size-cloud-worker=32768"
    "memorysetup-temp-allocator-size-gi-baking-worker=262144"
    "memorysetup-temp-allocator-size-gfx=262144"
Player connection [28504] Host "[IP] 192.168.56.1 [Port] 0 [Flags] 2 [Guid] 2523818141 [EditorId] 2523818141 [Version] 1048832 [Id] WindowsEditor(7,laptop-sunny121) [Debug] 1 [PackageName] WindowsEditor [ProjectName] Editor" joined multi-casting on [225.0.0.222:54997]...

Player connection [28504] Host "[IP] 192.168.56.1 [Port] 0 [Flags] 2 [Guid] 2523818141 [EditorId] 2523818141 [Version] 1048832 [Id] WindowsEditor(7,laptop-sunny121) [Debug] 1 [PackageName] WindowsEditor [ProjectName] Editor" joined alternative multi-casting on [225.0.0.222:34997]...

[Physics::Module] Initialized MultithreadedJobDispatcher with 7 workers.
Refreshing native plugins compatible for Editor in 34.89 ms, found 15 plugins.
Preloading 1 native plugins for Editor in 0.73 ms.
Initialize engine version: 2022.3.17f1 (4fc78088f837)
[Subsystems] Discovering subsystems at path D:/UNITY/2022.3.17f1/Editor/Data/Resources/UnitySubsystems
[Subsystems] Discovering subsystems at path D:/CODING/Github/a11y_vr_exergame/Assets
GfxDevice: creating device client; threaded=0; jobified=0
Direct3D:
    Version:  Direct3D 11.0 [level 11.1]
    Renderer: NVIDIA GeForce GTX 1650 Ti (ID=0x1f95)
    Vendor:   NVIDIA
    VRAM:     3950 MB
    Driver:   31.0.15.4592
Initialize mono
Mono path[0] = 'D:/UNITY/2022.3.17f1/Editor/Data/Managed'
Mono path[1] = 'D:/UNITY/2022.3.17f1/Editor/Data/MonoBleedingEdge/lib/mono/unityjit-win32'
Mono config path = 'D:/UNITY/2022.3.17f1/Editor/Data/MonoBleedingEdge/etc'
Using monoOptions --debugger-agent=transport=dt_socket,embedding=1,server=y,suspend=n,address=127.0.0.1:56612
Begin MonoManager ReloadAssembly
Registering precompiled unity dll's ...
Register platform support module: D:/UNITY/2022.3.17f1/Editor/Data/PlaybackEngines/WebGLSupport/UnityEditor.WebGL.Extensions.dll
Register platform support module: D:/UNITY/2022.3.17f1/Editor/Data/PlaybackEngines/WindowsStandaloneSupport/UnityEditor.WindowsStandalone.Extensions.dll
Registered in 0.084366 seconds.
- Loaded All Assemblies, in  0.939 seconds
Native extension for WindowsStandalone target not found
Native extension for WebGL target not found
Mono: successfully reloaded assembly
- Finished resetting the current domain, in  0.556 seconds
Domain Reload Profiling: 1495ms
	BeginReloadAssembly (243ms)
		ExecutionOrderSort (0ms)
		DisableScriptedObjects (0ms)
		BackupInstance (0ms)
		ReleaseScriptingObjects (0ms)
		CreateAndSetChildDomain (2ms)
	RebuildCommonClasses (79ms)
	RebuildNativeTypeToScriptingClass (32ms)
	initialDomainReloadingComplete (263ms)
	LoadAllAssembliesAndSetupDomain (322ms)
		LoadAssemblies (241ms)
		RebuildTransferFunctionScriptingTraits (0ms)
		AnalyzeDomain (318ms)
			TypeCache.Refresh (315ms)
				TypeCache.ScanAssembly (278ms)
			ScanForSourceGeneratedMonoScriptInfo (1ms)
			ResolveRequiredComponents (1ms)
	FinalizeReload (557ms)
		ReleaseScriptCaches (0ms)
		RebuildScriptCaches (0ms)
		SetupLoadedEditorAssemblies (435ms)
			LogAssemblyErrors (0ms)
			InitializePlatformSupportModulesInManaged (20ms)
			SetLoadedEditorAssemblies (10ms)
			RefreshPlugins (0ms)
			BeforeProcessingInitializeOnLoad (5ms)
			ProcessInitializeOnLoadAttributes (316ms)
			ProcessInitializeOnLoadMethodAttributes (84ms)
			AfterProcessingInitializeOnLoad (0ms)
			EditorAssembliesLoaded (0ms)
		ExecutionOrderSort2 (0ms)
		AwakeInstancesAfterBackupRestoration (0ms)
========================================================================
Worker process is ready to serve import requests
Begin MonoManager ReloadAssembly
- Loaded All Assemblies, in  2.098 seconds
Refreshing native plugins compatible for Editor in 21.25 ms, found 15 plugins.
Native extension for WindowsStandalone target not found
Native extension for WebGL target not found
Package Manager log level set to [2]
[Package Manager] Server::EnsureServerProcessIsRunning -- launch failed, reason: Unity was launched with the -noUpm command-line argument
[Package Manager] UpmClient::Send -- Unable to send message (not connected to UPM process).
[Package Manager] Cannot connect to Unity Package Manager local server
[Package Manager] Server::EnsureServerProcessIsRunning -- launch failed, reason: Unity was launched with the -noUpm command-line argument
[Package Manager] UpmClient::Send -- Unable to send message (not connected to UPM process).
[Package Manager] Cannot connect to Unity Package Manager local server
System.Reflection.TargetInvocationException: Exception has been thrown by the target of an invocation. ---> System.NullReferenceException: Object reference not set to an instance of an object
  at Unity.XR.Oculus.OculusLoader.AssetPathToAbsolutePath (System.String assetPath) [0x0003d] in .\Library\PackageCache\com.unity.xr.oculus@4.1.2\Runtime\OculusLoader.cs:287 
  at Unity.XR.Oculus.OculusLoader.EditorLoadOVRPlugin () [0x00084] in .\Library\PackageCache\com.unity.xr.oculus@4.1.2\Runtime\OculusLoader.cs:272 
  at (wrapper managed-to-native) System.Reflection.RuntimeMethodInfo.InternalInvoke(System.Reflection.RuntimeMethodInfo,object,object[],System.Exception&)
  at System.Reflection.RuntimeMethodInfo.Invoke (System.Object obj, System.Reflection.BindingFlags invokeAttr, System.Reflection.Binder binder, System.Object[] parameters, System.Globalization.CultureInfo culture) [0x0006a] in <17d9ce77f27a4bd2afb5ba32c9bea976>:0 
   --- End of inner exception stack trace ---
  at System.Reflection.RuntimeMethodInfo.Invoke (System.Object obj, System.Reflection.BindingFlags invokeAttr, System.Reflection.Binder binder, System.Object[] parameters, System.Globalization.CultureInfo culture) [0x00083] in <17d9ce77f27a4bd2afb5ba32c9bea976>:0 
  at System.Reflection.MethodBase.Invoke (System.Object obj, System.Object[] parameters) [0x00000] in <17d9ce77f27a4bd2afb5ba32c9bea976>:0 
  at UnityEditor.EditorAssemblies.ProcessInitializeOnLoadMethodAttributes () [0x000a5] in <5e6ebaa7d75c4d5399dc81ecead6b43f>:0 
UnityEngine.StackTraceUtility:ExtractStackTrace ()
UnityEngine.DebugLogHandler:LogFormat (UnityEngine.LogType,UnityEngine.Object,string,object[])
UnityEngine.Logger:Log (UnityEngine.LogType,object)
UnityEngine.Debug:LogError (object)
UnityEditor.EditorAssemblies:ProcessInitializeOnLoadMethodAttributes ()

Mono: successfully reloaded assembly
[Package Manager] Server::EnsureServerProcessIsRunning -- launch failed, reason: Unity was launched with the -noUpm command-line argument
[Package Manager] UpmClient::Send -- Unable to send message (not connected to UPM process).
[Package Manager] Cannot connect to Unity Package Manager local server
[Package Manager] Server::EnsureServerProcessIsRunning -- launch failed, reason: Unity was launched with the -noUpm command-line argument
[Package Manager] UpmClient::Send -- Unable to send message (not connected to UPM process).
[Package Manager] Cannot connect to Unity Package Manager local server
- Finished resetting the current domain, in  2.051 seconds
Domain Reload Profiling: 4149ms
	BeginReloadAssembly (328ms)
		ExecutionOrderSort (0ms)
		DisableScriptedObjects (13ms)
		BackupInstance (0ms)
		ReleaseScriptingObjects (1ms)
		CreateAndSetChildDomain (44ms)
	RebuildCommonClasses (72ms)
	RebuildNativeTypeToScriptingClass (23ms)
	initialDomainReloadingComplete (62ms)
	LoadAllAssembliesAndSetupDomain (1612ms)
		LoadAssemblies (1185ms)
		RebuildTransferFunctionScriptingTraits (0ms)
		AnalyzeDomain (595ms)
			TypeCache.Refresh (514ms)
				TypeCache.ScanAssembly (459ms)
			ScanForSourceGeneratedMonoScriptInfo (64ms)
			ResolveRequiredComponents (13ms)
	FinalizeReload (2051ms)
		ReleaseScriptCaches (0ms)
		RebuildScriptCaches (0ms)
		SetupLoadedEditorAssemblies (1686ms)
			LogAssemblyErrors (0ms)
			InitializePlatformSupportModulesInManaged (9ms)
			SetLoadedEditorAssemblies (10ms)
			RefreshPlugins (0ms)
			BeforeProcessingInitializeOnLoad (135ms)
			ProcessInitializeOnLoadAttributes (1404ms)
			ProcessInitializeOnLoadMethodAttributes (121ms)
			AfterProcessingInitializeOnLoad (7ms)
			EditorAssembliesLoaded (0ms)
		ExecutionOrderSort2 (0ms)
		AwakeInstancesAfterBackupRestoration (47ms)
Launched and connected shader compiler UnityShaderCompiler.exe after 0.28 seconds
Refreshing native plugins compatible for Editor in 18.76 ms, found 15 plugins.
Preloading 1 native plugins for Editor in 0.07 ms.
Unloading 4105 Unused Serialized files (Serialized files now loaded: 0)
Unloading 78 unused Assets / (76.4 KB). Loaded Objects now: 4559.
Memory consumption went from 151.1 MB to 151.0 MB.
Total: 9.741700 ms (FindLiveObjects: 0.941900 ms CreateObjectMapping: 1.096000 ms MarkObjects: 7.496400 ms  DeleteObjects: 0.206000 ms)

AssetImportParameters requested are different than current active one (requested -> active):
  custom:container-demuxer-ogg: 62fdf1f143b41e24485cea50d1cbac27 -> 
  custom:video-codec-MediaFoundation-h265: 746d11721c4dcdbdad8f713fa42b33f4 -> 
  custom:video-decoder-ogg-theora: a1e56fd34408186e4bbccfd4996cb3dc -> 
  custom:framework-win-MediaFoundation: 216162199b28c13a410421893ffa2e32 -> 
  custom:CustomObjectIndexerAttribute: 6d391050e5a25f67b0a2c618074f2cd9 -> 
  custom:container-demuxer-webm: 4f35f7cbe854078d1ac9338744f61a02 -> 
  custom:container-muxer-webm: aa71ff27fc2769a1b78a27578f13a17b -> 
  custom:video-decoder-webm-vp8: 9c59270c3fd7afecdb556c50c9e8de78 -> 
  custom:SearchIndexIgnoredProperties: e643bd26f0fe6173181afceb89e7c659 -> 
  custom:AudioImporter_EditorPlatform: d09bf68614088b80899f8185d706f6e7 -> 
  custom:video-encoder-webm-vp8: eb34c28f22e8b96e1ab97ce403110664 -> 
  custom:audio-decoder-ogg-vorbis: bf7c407c2cedff20999df2af8eb42d56 -> 
  custom:audio-encoder-webm-vorbis: bf7c407c2cedff20999df2af8eb42d56 -> 
  custom:scripting/monoscript/fileName/SteamVR_ActionSet_Manager.cs:  -> 1c5a72ce933757bb002edd6ed1ba11be
  custom:scripting/monoscript/fileName/SteamVR_Input_Action_Pose_PropertyEditor.cs:  -> da946d82901a9b811accf58cd3054e0d
  custom:scripting/monoscript/fileName/Hand.cs:  -> a0b88bb790b34ef30055edb0bc163a9a
  custom:scripting/monoscript/fileName/SteamVR_RenderModel.cs:  -> 93b35e10e1d2278178772e115a4b1904
  custom:scripting/monoscript/fileName/SteamVR_CameraMask.cs:  -> 165ce24bb8ef0f42a1988e06e31cb008
  custom:scripting/monoscript/fileName/PlaySound.cs:  -> a078e34a7ab411c781a8e44e398cdddc
  custom:scripting/monoscript/fileName/TeleportArea.cs:  -> 6ec95188d68bbbeb49563e6f1048ff89
  custom:scripting/monoscript/fileName/SteamVR_AutoEnableVR_2019plus.cs:  -> b88e5fca5c000f1f6cc82c9a8f20b9da
  custom:scripting/monoscript/fileName/ArrowheadRotation.cs:  -> 53e5fd74abe04313fe11848c383e3374
  custom:scripting/monoscript/fileName/SteamVR_Skeleton_Poser.cs:  -> 6e9c93e87a6e12a479b811ef82eb0032
  custom:scripting/monoscript/fileName/FireSource.cs:  -> a8a59922b401cc8ac2062ef8c72a8627
  custom:scripting/monoscript/fileName/Teleport.cs:  -> 094650cdfa19d03a818292a71f50ccb1
  custom:scripting/monoscript/fileName/RenderModelChangerUI.cs:  -> 5324a63758c467614abb7a8fd6790dc8
  custom:scripting/monoscript/fileName/DistanceHaptics.cs:  -> b1ca83a909327f52d9c4c09975e30b79
  custom:scripting/monoscript/fileName/SteamVR_Behaviour_BooleanEvent.cs:  -> 1e49b7325119ec2094c66346f38fed72
  custom:scripting/monoscript/fileName/CustomEvents.cs:  -> 0cefa9cbfb8a6d136523231a1c2d0dbd
  custom:scripting/monoscript/fileName/HapticRack.cs:  -> a44b4259357887321af4002fd3eca449
  custom:scripting/monoscript/fileName/SteamVR_Behaviour_Vector2Event.cs:  -> 422e2015a56ac1cc278a9c2b77c37796
  custom:scripting/monoscript/fileName/SteamVR_Input_Action_Single_PropertyEditor.cs:  -> c6327daa17d6ebce3237f4db50c3d31d
  custom:scripting/monoscript/fileName/ChaperoneInfo.cs:  -> e3b34f4009e52d5d40898fec0fe3276b
  custom:scripting/monoscript/fileName/IgnoreTeleportTrace.cs:  -> db14a8f9ee8b35b324c54aeb0247054a
  custom:scripting/monoscript/fileName/SteamVR_Render.cs:  -> 955e6ededf895c564eb6d98545e19601
  custom:scripting/monoscript/fileName/SteamVR_Input_LiveWindow.cs:  -> 2d8551d0957f8bedd0185821a0b529b8
  custom:scripting/monoscript/fileName/SteamVR_PlayArea.cs:  -> b48b62350f11e9e3031cf667683ea72f
  custom:scripting/monoscript/fileName/SpawnAndAttachAfterControllerIsTracking.cs:  -> aee93acf915743a68491866ca2e45786
  custom:scripting/monoscript/fileName/HandPhysics.cs:  -> 0f1b6efe93395c875ba9ba376e3c728c
  custom:scripting/monoscript/fileName/OpenVRSimpleJSON.cs:  -> af76c6d6c9c7fe2b8cfd370b2f29b59f
  custom:scripting/monoscript/fileName/TeleportMarkerBase.cs:  -> 3916ea64d159416863de68eafc7b91f8
  custom:scripting/monoscript/fileName/SteamVR_ExternalCamera_LegacyManager.cs:  -> 2c322e3cb34c2e5cacdef2d4321ff468
  custom:scripting/monoscript/fileName/trackObj.cs:  -> 9ebf4d368ac543802713b5e9c79d0be5
  custom:scripting/monoscript/fileName/BalloonColliders.cs:  -> dbffaca887f95549aa62a0012f8c3154
  custom:scripting/monoscript/fileName/ControllerHintsExample.cs:  -> 018f40a555150e818a9b8d81aaaebee4
  custom:scripting/monoscript/fileName/SteamVR_Behaviour.cs:  -> 2808b978d08092b098a7fd18e2465817
  custom:scripting/monoscript/fileName/SnapTurn.cs:  -> 537211695ef4f5e802a808778324ed2e
  custom:scripting/precompiled-assembly-types:SteamVR_Actions:  -> 0a1879e66200577c58efc9ac317c8422
  custom:scripting/monoscript/fileName/FloppyHand.cs:  -> 9e63810195354fe2f206bb5cb3bd9768
  custom:scripting/monoscript/fileName/SteamVR_Input_Initialization.cs:  -> b292d600ab7bafe2da2604b6aff95471
  custom:scripting/precompiled-assembly-types:SteamVR_Editor:  -> 0fed7546553bc94370abae54d02dc9a0
  custom:scripting/monoscript/fileName/SteamVR_Menu.cs:  -> 6056ca8f624abb9467b108ecc10e0cf4
  custom:scripting/monoscript/fileName/CircularDrive.cs:  -> 66b524aba62640d3a4e55c8210870e29
  custom:scripting/monoscript/fileName/ArcheryTarget.cs:  -> 63d7d934a00b198c072bd131265971a0
  custom:scripting/monoscript/fileName/LinearDisplacement.cs:  -> f6a131025d6affd350cba8a566b2e80f
  custom:scripting/monoscript/fileName/SteamVR.cs:  -> d543bc4ea46800438bed8b4d258a9e8b
  custom:scripting/monoscript/fileName/SteamVR_Action_In.cs:  -> 5ada535b6f922a561daec20aabe5ffaf
  custom:scripting/monoscript/fileName/SpawnAndAttachToHand.cs:  -> 0d35593dea93ffb59c775a9512a16bbf
  custom:scripting/monoscript/fileName/DontDestroyOnLoad.cs:  -> 66a59343a91f1941103e8f333fe7923e
  custom:scripting/monoscript/fileName/SteamVR_Behaviour_Pose_ConnectedChangedEvent.cs:  -> 4c7684abe18f36778e30d89c7d1e977b
  custom:scripting/monoscript/fileName/SteamVR_ActionSet.cs:  -> 8e4b2cf934474f5547f0859b9d5eeb39
  custom:scripting/monoscript/fileName/Interactable.cs:  -> 40676384a5e756a0e43ac8e76a417ab5
  custom:scripting/monoscript/fileName/SteamVR_SphericalProjection.cs:  -> 9dcfecdd801a49151e068aadcd3acada
  custom:scripting/monoscript/fileName/BalloonHapticBump.cs:  -> e1c0944b0c3a4e8bb73cb8d937a070a1
  custom:scripting/monoscript/fileName/SteamVR_Input_PostProcessBuild.cs:  -> 438b64c59293eee473e82b17048389bf
  custom:scripting/monoscript/fileName/SteamVR_Behaviour_Pose_TrackingChangedEvent.cs:  -> dd8ae06a7830ef856954dce145493bb6
  custom:scripting/monoscript/fileName/SteamVR_Action_Vector2.cs:  -> 91cf3564873814cfb56be9a18a537b8e
  custom:scripting/monoscript/fileName/Util.cs:  -> 1f171182e7c7243ab88f4dfdf43a35d2
  custom:scripting/monoscript/fileName/SoundPlayOneshot.cs:  -> 0f477cde0e582bf86ce33555a3e73c7e
  custom:scripting/monoscript/fileName/trackCam.cs:  -> d398863eece869675f2f03b175a42d6a
  custom:scripting/monoscript/fileName/UIElement.cs:  -> bd150fffacfa3f11e3baaab85ba33f91
  custom:scripting/monoscript/fileName/SteamVR_Input_ActionSets.cs:  -> b292d600ab7bafe2da2604b6aff95471
  custom:scripting/monoscript/fileName/HideOnHandFocusLost.cs:  -> 4a18d1f807cce4fd3d45cacf37d97a1a
  custom:scripting/monoscript/fileName/SteamVR_Action_Boolean.cs:  -> eefce8056f9c0fe5dac39c0496ae4c08
  custom:scripting/monoscript/fileName/SteamVR_Behaviour_PoseEvent.cs:  -> 3ec4dc2452289fadd73bc988da62a63a
  custom:scripting/monoscript/fileName/HandCollider.cs:  -> 4579de6a15423a33ff05d6e452dbcd84
  custom:scripting/monoscript/fileName/SeeThru.cs:  -> 0da5fe6a9d31d0811225ee1976aabcc2
  custom:scripting/monoscript/fileName/HoverButton.cs:  -> c096d40253c2c79784abd18167336380
  custom:scripting/monoscript/fileName/SteamVR_GazeTracker.cs:  -> 4ad3853f49d52c5f4e271b5a41eee062
  custom:scripting/monoscript/fileName/SteamVR_Input_ActionSet_buggy.cs:  -> 5376ac19254661123e26649b2b6a9966
  custom:scripting/monoscript/fileName/RenderModel.cs:  -> c4488df08c08259cc20de72db25861bd
  custom:scripting/monoscript/fileName/SteamVR_ExternalCamera.cs:  -> d8616e54ba595b2f6e313e3825789ca8
  custom:scripting/monoscript/fileName/InputModule.cs:  -> 5e7f9e441e2bae61e21b415eea7b874f
  custom:scripting/monoscript/fileName/BalloonSpawner.cs:  -> 9e329b5573c93debd7992335a871272d
  custom:scripting/monoscript/fileName/SteamVR_Behaviour_Boolean.cs:  -> 814202c5a138afc9a2c00ce98d489793
  custom:scripting/monoscript/fileName/Equippable.cs:  -> b42af9a13da526ed0e78b8e178ed3f1a
  custom:scripting/monoscript/fileName/SteamVR_Input_ActionFile.cs:  -> 65ab7a58c9ff76cc66b85e10e1ff718c
  custom:scripting/monoscript/fileName/SteamVR_Behaviour_Vector3Event.cs:  -> 0dad2f268bb2e818fb8e71ced59ec61b
  custom:scripting/monoscript/fileName/ControllerHoverHighlight.cs:  -> 9257564a971669a9b7ade3251c3f47e7
  custom:scripting/monoscript/fileName/VelocityEstimator.cs:  -> c2556fffd90de7d031400746f3b79171
  custom:scripting/monoscript/fileName/SteamVR_Input_EditorWindow.cs:  -> c70b2101764813e5d48da1a545f39569
  custom:scripting/monoscript/fileName/SteamVR_Input_Generator.cs:  -> 279b846a5b907e0dcb8f5062df5cff2b
  custom:scripting/monoscript/fileName/TargetMeasurement.cs:  -> c6818f82a21b8806706a7b0303f02dc0
  custom:scripting/monoscript/fileName/SteamVR_Input_ActionSetPropertyEditor.cs:  -> 7b6ee35b21eb7c9dae4263c73bf42d90
  custom:scripting/monoscript/fileName/ItemPackageReference.cs:  -> 03e3ce5ab7c6512aaa65e1f6747eb7a8
  custom:scripting/monoscript/fileName/LinearMapping.cs:  -> 61394c253cb3907440763d78b7988c01
  custom:scripting/monoscript/fileName/DestroyOnParticleSystemDeath.cs:  -> 31f3dc2aa57489f60f28688aa72471fb
  custom:scripting/monoscript/fileName/SteamVR_Behaviour_Skeleton_ConnectedChangedEvent.cs:  -> 986b53c3c93a79d91d3654751fb721a4
  custom:scripting/monoscript/fileName/InteractableDebug.cs:  -> e4a70be34e14209736aa931e7d346430
  custom:scripting/monoscript/fileName/InteractableExample.cs:  -> e1a1dc84c65cf0e986c4f6e2ba5ef388
  custom:scripting/monoscript/fileName/SteamVR_Action.cs:  -> f0cdcbe43833ecd40659b09b28c9272e
  custom:scripting/monoscript/fileName/SteamVR_Input_Action_Vector2_PropertyEditor.cs:  -> 494fa40ec397fee93887b170c598d9a3
  custom:scripting/monoscript/fileName/SteamVR_TrackedObject.cs:  -> 092b33dbbcf93172dd383be071922ea9
  custom:scripting/monoscript/fileName/JoeJeffGestures.cs:  -> 5f60e26369daa628abd0cea9b16c1a7b
  custom:scripting/monoscript/fileName/SteamVR_Settings.cs:  -> 4d98ef885f18622d8f616efc32e47827
  custom:scripting/monoscript/fileName/BuggyController.cs:  -> 83adc0026bf8b5d306cb277c15469133
  custom:scripting/monoscript/fileName/LinearAnimation.cs:  -> 6dcbd8d69fa55c4d6eb4aece9ab99ddf
  custom:scripting/monoscript/fileName/SteamVR_ActivateActionSetOnLoad.cs:  -> 27cdbbfd8fa1610cb7d5b2b2bd515216
  custom:scripting/monoscript/fileName/CustomSkeletonHelper.cs:  -> 3e9b19735800c39c96112c24e622f059
  custom:scripting/monoscript/fileName/SteamVR_CameraHelper.cs:  -> b6427bd304ff8746235e186804fc7036
  custom:scripting/monoscript/fileName/SteamVR_Frustum.cs:  -> f2d1753d0581a4cc69acc34c03ffd12e
  custom:scripting/monoscript/fileName/SteamVR_Editor.cs:  -> 734d249fd55bef2fa0c6e59517da6b60
  custom:scripting/monoscript/fileName/SteamVR_Action_Vibration.cs:  -> 07fbef75873baf2c4b7499cbc2b083a5
  custom:scripting/monoscript/fileName/SteamVR_UpdateModeEditor.cs:  -> a7c02ba6c8c16d61f35010cd4a5a6947
  custom:scripting/monoscript/fileName/SteamVR_Action_Out.cs:  -> dd7c7fbff9eed9c0af38bd3094deb4e4
  custom:scripting/monoscript/fileName/SteamVR_Input_Action_GenericPropertyEditor.cs:  -> 90647cc400823b41df847a6cbfc29026
  custom:scripting/monoscript/fileName/ProceduralHats.cs:  -> 7e56192847340588a2c947c52c933732
  custom:scripting/monoscript/fileName/SteamVR_Input_Source.cs:  -> 025304c92dfc355189fd371e5db2e44b
  custom:scripting/precompiled-assembly-types:SteamVR_Input_Editor:  -> dd471dd3a02a07e0960a74144b2832df
  custom:scripting/monoscript/fileName/SquishyToy.cs:  -> f336cd2c148ff402cc7e00a8bd4c3bca
  custom:scripting/monoscript/fileName/SteamVR_Input_ActionSet_platformer.cs:  -> 6c78962776d97c836eac66644cf9dc78
  custom:scripting/monoscript/fileName/SteamVR_Input_ActionManifest_Manager.cs:  -> ef908b83136865550a4ccc187f2b73e8
  custom:scripting/monoscript/fileName/SteamVR_Input_BindingFile.cs:  -> 2e4fdf7c42b53ec7947cec8d81360b46
  custom:scripting/monoscript/fileName/SteamVR_EnumEqualityComparer.cs:  -> e5eeee6fc27a55fef0226641fef8f9fa
  custom:scripting/monoscript/fileName/SteamVR_Behaviour_SkeletonEvent.cs:  -> 31daf55c23153a9472e87eed68c877b4
  custom:scripting/monoscript/fileName/SteamVR_Input.cs:  -> 2ac40d7892822787f6d367c4d32c22a9
  custom:scripting/monoscript/fileName/SteamVR_Camera.cs:  -> 5330e1c1f6a992cf83193670a8ba760a
  custom:scripting/precompiled-assembly-types:SteamVR:  -> d38e11962204deb1349a998314d11da0
  custom:scripting/monoscript/fileName/SteamVR_SkyboxEditor.cs:  -> 18c9cdabba25ec9f8c34e59eb23c1bf0
  custom:scripting/monoscript/fileName/SteamVR_ForceSteamVRMode.cs:  -> ca860cfc6c313af8a2902763d607ba81
  custom:scripting/monoscript/fileName/TeleportPoint.cs:  -> ba9378d475b6aa10a876d40912734652
  custom:scripting/monoscript/fileName/SteamVR_Input_Actions.cs:  -> b292d600ab7bafe2da2604b6aff95471
  custom:scripting/monoscript/fileName/SteamVR_Update.cs:  -> c0c713922e0bc365db2133365876d108
  custom:scripting/monoscript/fileName/TargetHitEffect.cs:  -> b8f05ab6cfd6976240c6ca3faffef832
  custom:scripting/monoscript/fileName/SteamVR_IK.cs:  -> e6ae40a912fa43072b1040779a4a9bb5
  custom:scripting/monoscript/fileName/ButtonEffect.cs:  -> 8915f60839e38362bb74dd825291b1ec
  custom:scripting/monoscript/fileName/SteamVR_Behaviour_SingleEvent.cs:  -> b729c0dfd5184539e85c656d2d185f67
  custom:scripting/monoscript/fileName/LinearAnimator.cs:  -> c139ecc584252fa80bcc95daa28f5ce8
  custom:scripting/monoscript/fileName/SteamVR_Behaviour_Single.cs:  -> 12fe00933f2eb9662eaa875c596db7e7
  custom:scripting/monoscript/fileName/SleepOnAwake.cs:  -> 713de8e96013bb124a56463d03cf7e8d
  custom:scripting/monoscript/fileName/SteamVR_Skeleton_Pose.cs:  -> a41506b86b905b60d6abc4518bf94e5c
  custom:scripting/monoscript/fileName/AmbientSound.cs:  -> 53ba172be0179e71814245785c9956bc
  custom:scripting/monoscript/fileName/SteamVR_LaserPointer.cs:  -> 8e79c5e5860ebe693d393c230c031852
  custom:scripting/monoscript/fileName/DestroyOnTriggerEnter.cs:  -> 406179fb328f1939e42818307ce099b0
  custom:scripting/monoscript/fileName/Balloon.cs:  -> b4146f9785284a830915aa5087023bef
  custom:scripting/monoscript/fileName/ControllerButtonHints.cs:  -> 44d0b3c1924da5eaa44beb98d0822ec8
  custom:scripting/monoscript/fileName/FallbackCameraController.cs:  -> e81403eee4b5b5f4168b5ab2629d750b
  custom:scripting/monoscript/fileName/SteamVR_CameraFlip.cs:  -> 28d5f8847f57f8181440d4db9f683f82
  custom:scripting/monoscript/fileName/SteamVR_Action_Skeleton.cs:  -> 851b9e5ea0895a52b18a8cfb217ee929
  custom:scripting/monoscript/fileName/WheelDust.cs:  -> 37458427bf1120154e1ab7cab967e5ef
  custom:scripting/monoscript/fileName/SteamVR_Action_Single.cs:  -> 81cfc9d2e8bc640d5d67b1c7c2917a96
  custom:scripting/monoscript/fileName/FlowerPlanted.cs:  -> 5cd0e429f5a5ef512fbe377e4e83a555
  custom:scripting/monoscript/fileName/BuggyBuddy.cs:  -> fad14b651151bbeef85e8b80f699e042
  custom:scripting/monoscript/fileName/Longbow.cs:  -> 1968fea02fdb05d7cc4fd4ffbb3b6a33
  custom:scripting/monoscript/fileName/ArrowHand.cs:  -> d67644719ce3f0a2674685f2c625cff2
  custom:scripting/monoscript/fileName/ModalThrowable.cs:  -> 58e1fd9df4d1dd8d0993f6abd3381adc
  custom:scripting/monoscript/fileName/SoundBowClick.cs:  -> 525304abf7eeff8b4a44954a7b47170d
  custom:scripting/monoscript/fileName/InteractableHoverEvents.cs:  -> 5a82c961b55e98ae4361d57223fc6424
  custom:scripting/monoscript/fileName/JoeJeff.cs:  -> d8b3d90f0735144cd0a3f836dd86bb7d
  custom:scripting/monoscript/fileName/Planting.cs:  -> 40a71065a569baf8e727e64f1e63f7c1
  custom:scripting/monoscript/fileName/AllowTeleportWhileAttachedToHand.cs:  -> 96691a2d731d3237426073ad243768e9
  custom:scripting/monoscript/fileName/SteamVR_LoadLevel.cs:  -> 753dc0a6bc4b58364335de91063f0122
  custom:scripting/monoscript/fileName/SteamVR_TrackedCamera.cs:  -> de21bd8358bb857ff36eeb8ff5acb12b
  custom:scripting/monoscript/fileName/SteamVR_Behaviour_Vector3.cs:  -> 71443c1b661db1a6adea56757ff367a2
  custom:scripting/monoscript/fileName/IgnoreHovering.cs:  -> b2262f244c4a6165cc1cf2802022ba61
  custom:scripting/monoscript/fileName/ItemPackageSpawner.cs:  -> 1b66ea1b05b4cd1c53869bab228d1373
  custom:scripting/monoscript/fileName/SteamVR_Behaviour_Skeleton_TrackingChangedEvent.cs:  -> bae6f5b880c63620c39046a4ec01abea
  custom:scripting/monoscript/fileName/SteamVR_RingBuffer.cs:  -> 5686de7d93f666cc3579c5f33458ea88
  custom:scripting/monoscript/fileName/Throwable.cs:  -> d875b9f78f592f25f2846bc571c492eb
  custom:scripting/monoscript/fileName/SteamVR_Input_Action_Skeleton_PropertyEditor.cs:  -> afe39ee9d6df8f497beebd576b86348d
  custom:scripting/monoscript/fileName/SteamVR_Behaviour_Skeleton.cs:  -> cccf179822e480999b040669f04685cf
  custom:scripting/monoscript/fileName/ExplosionWobble.cs:  -> a01e52c46d4f6202d0f5ed59881034ee
  custom:scripting/monoscript/fileName/SteamVR_CopyExampleInputFiles.cs:  -> f99d5998bb7afc0734db90d8c75c96a9
  custom:scripting/monoscript/fileName/SteamVR_Input_Generator_Names.cs:  -> 802e3aac4444c07fd344434e6d5cac31
  custom:scripting/monoscript/fileName/SteamVR_TestTrackedCamera.cs:  -> 0d397f399cc486a473a546e711743686
  custom:scripting/monoscript/fileName/SteamVR_Fade.cs:  -> f98e3e81c5a8218946d1e205512eee7a
  custom:scripting/monoscript/fileName/SteamVR_Behaviour_Pose.cs:  -> 5afd673f4b1180e612e6ee7cce578e19
  custom:scripting/monoscript/fileName/DebugUI.cs:  -> 91805dfdcd3c039d603be9fbf0e42ce8
  custom:scripting/monoscript/fileName/SteamVR_RenderModelEditor.cs:  -> acf9dd329a686d70034e89517471875c
  custom:scripting/monoscript/fileName/DestroyOnDetachedFromHand.cs:  -> dd7d838914db23a860e79b88e60210f5
  custom:scripting/monoscript/fileName/TeleportArc.cs:  -> b193242badd4febeea327451c3a5f5bc
  custom:scripting/monoscript/fileName/SteamVR_TestThrow.cs:  -> aa75df267f59195cc4c14c941c4ba85a
  custom:scripting/monoscript/fileName/LinearAudioPitch.cs:  -> 56f0d46c875fc3b2c78aa44abd543678
  custom:scripting/monoscript/fileName/SteamVR_Input_ActionSet_mixedreality.cs:  -> f1be83ea35eb857b4920340e4aac9ff6
  custom:scripting/monoscript/fileName/JoeJeffController.cs:  -> 58f8910c95498fab5d0367ffb062a5b9
  custom:scripting/monoscript/fileName/SteamVR_Behaviour_Vector2.cs:  -> d86f090d7ea44ae8b0a2bb4f25f40f9a
  custom:scripting/monoscript/fileName/SteamVR_Skeleton_PoserEditor.cs:  -> 24906cf9463dafd7b892fa4a2ad8cfb2
  custom:scripting/monoscript/fileName/SteamVR_Input_Action_Vector3_PropertyEditor.cs:  -> b3c2a9151dafe01f426bb59c7151731d
  custom:scripting/monoscript/fileName/SteamVR_Behaviour_SkeletonCustom.cs:  -> 8479428b78a92b018e12b5844c3e96af
  custom:scripting/monoscript/fileName/Grenade.cs:  -> 87cfd2960206e76a42573e0ec773c455
  custom:scripting/monoscript/fileName/ItemPackage.cs:  -> df0fbe51af3c7fa88f1ec95ff98bc0c6
  custom:scripting/monoscript/fileName/OpenVRPackageInstaller.cs:  -> 49d3f53a942f8df25df5bc20b4549812
  custom:scripting/monoscript/fileName/SteamVR_Input_ActionSet_default.cs:  -> 4547d344f437ae99d99e18176ba66fb3
  custom:scripting/monoscript/fileName/LockToPoint.cs:  -> ab43ae61afcee3542f116c28a98cb34b
  custom:scripting/monoscript/fileName/Arrow.cs:  -> 939d5b2cdbec09e20b4d284d26ed842f
  custom:scripting/monoscript/fileName/ButtonExample.cs:  -> 753493643c49684c8c766f9c48a45336
  custom:scripting/monoscript/fileName/BodyCollider.cs:  -> 75ff135d32a2ded27a5cdd88ce0068c9
  custom:scripting/monoscript/fileName/LinearBlendshape.cs:  -> e68d141526fac827b7690a8a0dfecf16
  custom:scripting/monoscript/fileName/ComplexThrowable.cs:  -> eed74189f1ae2e9ce3241e378f2b411d
  custom:scripting/monoscript/fileName/SteamVR_Action_Pose.cs:  -> 31c635c65fa1a3dc6a461e840d3a3d34
  custom:scripting/monoscript/fileName/SteamVR_Action_Vector3.cs:  -> f8d6c0ce5142f223fe3bfdf8c6e3894d
  custom:scripting/monoscript/fileName/SteamVR_Skybox.cs:  -> c18570efe12113995dd3577c06ce7286
  custom:scripting/monoscript/fileName/SteamVR_Input_Action_Vibration_PropertyEditor.cs:  -> c0cc1027baf0650f4cbee087ef37ee45
  custom:scripting/monoscript/fileName/Player.cs:  -> cdd17bb71be3ac3d8049179d72fb34d5
  custom:scripting/monoscript/fileName/SteamVR_Events.cs:  -> 97c9ed2c4aecb8dc83909deed33cca44
  custom:scripting/monoscript/fileName/LinearDrive.cs:  -> e682e33ba1e75de4c707ba9ebf09c143
  custom:scripting/monoscript/fileName/SoundDeparent.cs:  -> b7cb61e5a86c7ed589b232a4c8c758e1
  custom:scripting/monoscript/fileName/SteamVR_Ears.cs:  -> 16e02de4f78d05d7b1244df6ef531761
  custom:scripting/monoscript/fileName/SkeletonUIOptions.cs:  -> 908bf023624c264bf59c6b2d3f039473
  custom:scripting/monoscript/fileName/SteamVR_Overlay.cs:  -> 845a659b11d4bafc71bfb269cb871644
  custom:scripting/monoscript/fileName/SteamVR_Behaviour_Pose_DeviceIndexChangedEvent.cs:  -> a2784a6aeecc817cc82d65195148df79
  custom:scripting/monoscript/fileName/SteamVR_Utils.cs:  -> f0151174513ec68db294c6b4e5fe74ad
  custom:scripting/monoscript/fileName/TeleportURPHelper.cs:  -> a26fdf79e2dd2dd3e7d24d24a09457c9
  custom:scripting/monoscript/fileName/EnumFlags.cs:  -> fe93193c629ef29f91c18d4ff3d96264
  custom:scripting/monoscript/fileName/URPMaterialSwitcher.cs:  -> ec8d2784d820f24fa26554a9144d0f0d
  custom:scripting/monoscript/fileName/SteamVR_Input_Action_Boolean_PropertyEditor.cs:  -> 2036c5c43efa9563c9c7a6e846c66e9c
  custom:scripting/monoscript/fileName/Unparent.cs:  -> cc2fbfe397fc1c55191c71d9922cd514
  custom:scripting/monoscript/fileName/SteamVR_UnitySettingsWindow.cs:  -> 21340287c76930ef6fc95b0308d5d124
  custom:scripting/monoscript/fileName/SteamVR_TrackingReferenceManager.cs:  -> 5e73be7325a225c00a7cb64c60d0da6c
========================================================================
Received Import Request.
  Time since last request: 418647.875985 seconds.
  path: Assets/SteamVR/InteractionSystem/Longbow/Textures/ArcheryWeebleTarget.png
  artifactKey: Guid(b0b65ac2add33d04b9c6485a060c240a) Importer(815301076,1909f56bfc062723c751e8b465ee728b)
Start importing Assets/SteamVR/InteractionSystem/Longbow/Textures/ArcheryWeebleTarget.png using Guid(b0b65ac2add33d04b9c6485a060c240a) Importer(815301076,1909f56bfc062723c751e8b465ee728b)  -> (artifact id: '3b9da786f18185c174db9605dabae295') in 0.800174 seconds
Number of updated asset objects reloaded before import = 0
Number of asset objects unloaded after import = 2
========================================================================
Received Import Request.
  Time since last request: 0.000427 seconds.
  path: Assets/SteamVR/InteractionSystem/Longbow/Prefabs/BalloonPopNoSound.prefab
  artifactKey: Guid(a41945a8549c580408301691c2fd374e) Importer(815301076,1909f56bfc062723c751e8b465ee728b)
Start importing Assets/SteamVR/InteractionSystem/Longbow/Prefabs/BalloonPopNoSound.prefab using Guid(a41945a8549c580408301691c2fd374e) Importer(815301076,1909f56bfc062723c751e8b465ee728b)  -> (artifact id: '081ac6608dffb1b53b610f5645344e27') in 0.134617 seconds
Number of updated asset objects reloaded before import = 0
Number of asset objects unloaded after import = 15
========================================================================
Received Prepare
Begin MonoManager ReloadAssembly
- Loaded All Assemblies, in  0.539 seconds
Refreshing native plugins compatible for Editor in 11.75 ms, found 15 plugins.
Native extension for WindowsStandalone target not found
Native extension for WebGL target not found
[Package Manager] Server::EnsureServerProcessIsRunning -- launch failed, reason: Unity was launched with the -noUpm command-line argument
[Package Manager] UpmClient::Send -- Unable to send message (not connected to UPM process).
[Package Manager] Cannot connect to Unity Package Manager local server
[Package Manager] Server::EnsureServerProcessIsRunning -- launch failed, reason: Unity was launched with the -noUpm command-line argument
[Package Manager] UpmClient::Send -- Unable to send message (not connected to UPM process).
[Package Manager] Cannot connect to Unity Package Manager local server
System.Reflection.TargetInvocationException: Exception has been thrown by the target of an invocation. ---> System.NullReferenceException: Object reference not set to an instance of an object
  at Unity.XR.Oculus.OculusLoader.AssetPathToAbsolutePath (System.String assetPath) [0x0003d] in .\Library\PackageCache\com.unity.xr.oculus@4.1.2\Runtime\OculusLoader.cs:287 
  at Unity.XR.Oculus.OculusLoader.EditorLoadOVRPlugin () [0x00084] in .\Library\PackageCache\com.unity.xr.oculus@4.1.2\Runtime\OculusLoader.cs:272 
  at (wrapper managed-to-native) System.Reflection.RuntimeMethodInfo.InternalInvoke(System.Reflection.RuntimeMethodInfo,object,object[],System.Exception&)
  at System.Reflection.RuntimeMethodInfo.Invoke (System.Object obj, System.Reflection.BindingFlags invokeAttr, System.Reflection.Binder binder, System.Object[] parameters, System.Globalization.CultureInfo culture) [0x0006a] in <17d9ce77f27a4bd2afb5ba32c9bea976>:0 
   --- End of inner exception stack trace ---
  at System.Reflection.RuntimeMethodInfo.Invoke (System.Object obj, System.Reflection.BindingFlags invokeAttr, System.Reflection.Binder binder, System.Object[] parameters, System.Globalization.CultureInfo culture) [0x00083] in <17d9ce77f27a4bd2afb5ba32c9bea976>:0 
  at System.Reflection.MethodBase.Invoke (System.Object obj, System.Object[] parameters) [0x00000] in <17d9ce77f27a4bd2afb5ba32c9bea976>:0 
  at UnityEditor.EditorAssemblies.ProcessInitializeOnLoadMethodAttributes () [0x000a5] in <5e6ebaa7d75c4d5399dc81ecead6b43f>:0 
UnityEngine.StackTraceUtility:ExtractStackTrace ()
UnityEngine.DebugLogHandler:LogFormat (UnityEngine.LogType,UnityEngine.Object,string,object[])
UnityEngine.Logger:Log (UnityEngine.LogType,object)
UnityEngine.Debug:LogError (object)
UnityEditor.EditorAssemblies:ProcessInitializeOnLoadMethodAttributes ()

Mono: successfully reloaded assembly
[Package Manager] Server::EnsureServerProcessIsRunning -- launch failed, reason: Unity was launched with the -noUpm command-line argument
[Package Manager] UpmClient::Send -- Unable to send message (not connected to UPM process).
[Package Manager] Cannot connect to Unity Package Manager local server
- Finished resetting the current domain, in  1.509 seconds
Domain Reload Profiling: 2048ms
	BeginReloadAssembly (182ms)
		ExecutionOrderSort (0ms)
		DisableScriptedObjects (4ms)
		BackupInstance (0ms)
		ReleaseScriptingObjects (0ms)
		CreateAndSetChildDomain (52ms)
	RebuildCommonClasses (41ms)
	RebuildNativeTypeToScriptingClass (20ms)
	initialDomainReloadingComplete (29ms)
	LoadAllAssembliesAndSetupDomain (265ms)
		LoadAssemblies (320ms)
		RebuildTransferFunctionScriptingTraits (0ms)
		AnalyzeDomain (38ms)
			TypeCache.Refresh (10ms)
				TypeCache.ScanAssembly (0ms)
			ScanForSourceGeneratedMonoScriptInfo (19ms)
			ResolveRequiredComponents (7ms)
	FinalizeReload (1510ms)
		ReleaseScriptCaches (0ms)
		RebuildScriptCaches (0ms)
		SetupLoadedEditorAssemblies (600ms)
			LogAssemblyErrors (0ms)
			InitializePlatformSupportModulesInManaged (9ms)
			SetLoadedEditorAssemblies (7ms)
			RefreshPlugins (0ms)
			BeforeProcessingInitializeOnLoad (75ms)
			ProcessInitializeOnLoadAttributes (466ms)
			ProcessInitializeOnLoadMethodAttributes (40ms)
			AfterProcessingInitializeOnLoad (2ms)
			EditorAssembliesLoaded (0ms)
		ExecutionOrderSort2 (0ms)
		AwakeInstancesAfterBackupRestoration (6ms)
Refreshing native plugins compatible for Editor in 15.85 ms, found 15 plugins.
Preloading 1 native plugins for Editor in 0.04 ms.
Unloading 4055 Unused Serialized files (Serialized files now loaded: 0)
Unloading 63 unused Assets / (51.3 KB). Loaded Objects now: 4573.
Memory consumption went from 153.0 MB to 152.9 MB.
Total: 4.929000 ms (FindLiveObjects: 0.429500 ms CreateObjectMapping: 0.376400 ms MarkObjects: 3.984900 ms  DeleteObjects: 0.137200 ms)

Prepare: number of updated asset objects reloaded= 0
AssetImportParameters requested are different than current active one (requested -> active):
  custom:container-demuxer-ogg: 62fdf1f143b41e24485cea50d1cbac27 -> 
  custom:video-codec-MediaFoundation-h265: 746d11721c4dcdbdad8f713fa42b33f4 -> 
  custom:video-decoder-ogg-theora: a1e56fd34408186e4bbccfd4996cb3dc -> 
  custom:framework-win-MediaFoundation: 216162199b28c13a410421893ffa2e32 -> 
  custom:CustomObjectIndexerAttribute: 6d391050e5a25f67b0a2c618074f2cd9 -> 
  custom:container-demuxer-webm: 4f35f7cbe854078d1ac9338744f61a02 -> 
  custom:container-muxer-webm: aa71ff27fc2769a1b78a27578f13a17b -> 
  custom:video-decoder-webm-vp8: 9c59270c3fd7afecdb556c50c9e8de78 -> 
  custom:SearchIndexIgnoredProperties: e643bd26f0fe6173181afceb89e7c659 -> 
  custom:AudioImporter_EditorPlatform: d09bf68614088b80899f8185d706f6e7 -> 
  custom:video-encoder-webm-vp8: eb34c28f22e8b96e1ab97ce403110664 -> 
  custom:audio-decoder-ogg-vorbis: bf7c407c2cedff20999df2af8eb42d56 -> 
  custom:audio-encoder-webm-vorbis: bf7c407c2cedff20999df2af8eb42d56 -> 
========================================================================
Received Prepare
Begin MonoManager ReloadAssembly
- Loaded All Assemblies, in  0.460 seconds
Refreshing native plugins compatible for Editor in 11.85 ms, found 15 plugins.
Native extension for WindowsStandalone target not found
Native extension for WebGL target not found
[Package Manager] Server::EnsureServerProcessIsRunning -- launch failed, reason: Unity was launched with the -noUpm command-line argument
[Package Manager] UpmClient::Send -- Unable to send message (not connected to UPM process).
[Package Manager] Cannot connect to Unity Package Manager local server
[Package Manager] Server::EnsureServerProcessIsRunning -- launch failed, reason: Unity was launched with the -noUpm command-line argument
[Package Manager] UpmClient::Send -- Unable to send message (not connected to UPM process).
[Package Manager] Cannot connect to Unity Package Manager local server
System.Reflection.TargetInvocationException: Exception has been thrown by the target of an invocation. ---> System.NullReferenceException: Object reference not set to an instance of an object
  at Unity.XR.Oculus.OculusLoader.AssetPathToAbsolutePath (System.String assetPath) [0x0003d] in .\Library\PackageCache\com.unity.xr.oculus@4.1.2\Runtime\OculusLoader.cs:287 
  at Unity.XR.Oculus.OculusLoader.EditorLoadOVRPlugin () [0x00084] in .\Library\PackageCache\com.unity.xr.oculus@4.1.2\Runtime\OculusLoader.cs:272 
  at (wrapper managed-to-native) System.Reflection.RuntimeMethodInfo.InternalInvoke(System.Reflection.RuntimeMethodInfo,object,object[],System.Exception&)
  at System.Reflection.RuntimeMethodInfo.Invoke (System.Object obj, System.Reflection.BindingFlags invokeAttr, System.Reflection.Binder binder, System.Object[] parameters, System.Globalization.CultureInfo culture) [0x0006a] in <17d9ce77f27a4bd2afb5ba32c9bea976>:0 
   --- End of inner exception stack trace ---
  at System.Reflection.RuntimeMethodInfo.Invoke (System.Object obj, System.Reflection.BindingFlags invokeAttr, System.Reflection.Binder binder, System.Object[] parameters, System.Globalization.CultureInfo culture) [0x00083] in <17d9ce77f27a4bd2afb5ba32c9bea976>:0 
  at System.Reflection.MethodBase.Invoke (System.Object obj, System.Object[] parameters) [0x00000] in <17d9ce77f27a4bd2afb5ba32c9bea976>:0 
  at UnityEditor.EditorAssemblies.ProcessInitializeOnLoadMethodAttributes () [0x000a5] in <5e6ebaa7d75c4d5399dc81ecead6b43f>:0 
UnityEngine.StackTraceUtility:ExtractStackTrace ()
UnityEngine.DebugLogHandler:LogFormat (UnityEngine.LogType,UnityEngine.Object,string,object[])
UnityEngine.Logger:Log (UnityEngine.LogType,object)
UnityEngine.Debug:LogError (object)
UnityEditor.EditorAssemblies:ProcessInitializeOnLoadMethodAttributes ()

Mono: successfully reloaded assembly
[Package Manager] Server::EnsureServerProcessIsRunning -- launch failed, reason: Unity was launched with the -noUpm command-line argument
[Package Manager] UpmClient::Send -- Unable to send message (not connected to UPM process).
[Package Manager] Cannot connect to Unity Package Manager local server
- Finished resetting the current domain, in  1.318 seconds
Domain Reload Profiling: 1778ms
	BeginReloadAssembly (174ms)
		ExecutionOrderSort (0ms)
		DisableScriptedObjects (5ms)
		BackupInstance (0ms)
		ReleaseScriptingObjects (0ms)
		CreateAndSetChildDomain (44ms)
	RebuildCommonClasses (41ms)
	RebuildNativeTypeToScriptingClass (12ms)
	initialDomainReloadingComplete (24ms)
	LoadAllAssembliesAndSetupDomain (208ms)
		LoadAssemblies (283ms)
		RebuildTransferFunctionScriptingTraits (0ms)
		AnalyzeDomain (17ms)
			TypeCache.Refresh (8ms)
				TypeCache.ScanAssembly (0ms)
			ScanForSourceGeneratedMonoScriptInfo (0ms)
			ResolveRequiredComponents (7ms)
	FinalizeReload (1319ms)
		ReleaseScriptCaches (0ms)
		RebuildScriptCaches (0ms)
		SetupLoadedEditorAssemblies (819ms)
			LogAssemblyErrors (0ms)
			InitializePlatformSupportModulesInManaged (6ms)
			SetLoadedEditorAssemblies (6ms)
			RefreshPlugins (0ms)
			BeforeProcessingInitializeOnLoad (95ms)
			ProcessInitializeOnLoadAttributes (661ms)
			ProcessInitializeOnLoadMethodAttributes (48ms)
			AfterProcessingInitializeOnLoad (3ms)
			EditorAssembliesLoaded (0ms)
		ExecutionOrderSort2 (0ms)
		AwakeInstancesAfterBackupRestoration (8ms)
Refreshing native plugins compatible for Editor in 16.23 ms, found 15 plugins.
Preloading 1 native plugins for Editor in 0.05 ms.
Unloading 4056 Unused Serialized files (Serialized files now loaded: 0)
Unloading 62 unused Assets / (50.7 KB). Loaded Objects now: 4577.
Memory consumption went from 155.2 MB to 155.1 MB.
Total: 5.303700 ms (FindLiveObjects: 0.317600 ms CreateObjectMapping: 0.315400 ms MarkObjects: 4.558300 ms  DeleteObjects: 0.111200 ms)

Prepare: number of updated asset objects reloaded= 0
AssetImportParameters requested are different than current active one (requested -> active):
  custom:container-demuxer-ogg: 62fdf1f143b41e24485cea50d1cbac27 -> 
  custom:video-codec-MediaFoundation-h265: 746d11721c4dcdbdad8f713fa42b33f4 -> 
  custom:video-decoder-ogg-theora: a1e56fd34408186e4bbccfd4996cb3dc -> 
  custom:framework-win-MediaFoundation: 216162199b28c13a410421893ffa2e32 -> 
  custom:CustomObjectIndexerAttribute: 6d391050e5a25f67b0a2c618074f2cd9 -> 
  custom:container-demuxer-webm: 4f35f7cbe854078d1ac9338744f61a02 -> 
  custom:container-muxer-webm: aa71ff27fc2769a1b78a27578f13a17b -> 
  custom:video-decoder-webm-vp8: 9c59270c3fd7afecdb556c50c9e8de78 -> 
  custom:SearchIndexIgnoredProperties: e643bd26f0fe6173181afceb89e7c659 -> 
  custom:AudioImporter_EditorPlatform: d09bf68614088b80899f8185d706f6e7 -> 
  custom:video-encoder-webm-vp8: eb34c28f22e8b96e1ab97ce403110664 -> 
  custom:audio-decoder-ogg-vorbis: bf7c407c2cedff20999df2af8eb42d56 -> 
  custom:audio-encoder-webm-vorbis: bf7c407c2cedff20999df2af8eb42d56 -> 
========================================================================
Received Prepare
Begin MonoManager ReloadAssembly
- Loaded All Assemblies, in  0.496 seconds
Refreshing native plugins compatible for Editor in 11.40 ms, found 15 plugins.
Native extension for WindowsStandalone target not found
Native extension for WebGL target not found
[Package Manager] Server::EnsureServerProcessIsRunning -- launch failed, reason: Unity was launched with the -noUpm command-line argument
[Package Manager] UpmClient::Send -- Unable to send message (not connected to UPM process).
[Package Manager] Cannot connect to Unity Package Manager local server
[Package Manager] Server::EnsureServerProcessIsRunning -- launch failed, reason: Unity was launched with the -noUpm command-line argument
[Package Manager] UpmClient::Send -- Unable to send message (not connected to UPM process).
[Package Manager] Cannot connect to Unity Package Manager local server
System.Reflection.TargetInvocationException: Exception has been thrown by the target of an invocation. ---> System.NullReferenceException: Object reference not set to an instance of an object
  at Unity.XR.Oculus.OculusLoader.AssetPathToAbsolutePath (System.String assetPath) [0x0003d] in .\Library\PackageCache\com.unity.xr.oculus@4.1.2\Runtime\OculusLoader.cs:287 
  at Unity.XR.Oculus.OculusLoader.EditorLoadOVRPlugin () [0x00084] in .\Library\PackageCache\com.unity.xr.oculus@4.1.2\Runtime\OculusLoader.cs:272 
  at (wrapper managed-to-native) System.Reflection.RuntimeMethodInfo.InternalInvoke(System.Reflection.RuntimeMethodInfo,object,object[],System.Exception&)
  at System.Reflection.RuntimeMethodInfo.Invoke (System.Object obj, System.Reflection.BindingFlags invokeAttr, System.Reflection.Binder binder, System.Object[] parameters, System.Globalization.CultureInfo culture) [0x0006a] in <17d9ce77f27a4bd2afb5ba32c9bea976>:0 
   --- End of inner exception stack trace ---
  at System.Reflection.RuntimeMethodInfo.Invoke (System.Object obj, System.Reflection.BindingFlags invokeAttr, System.Reflection.Binder binder, System.Object[] parameters, System.Globalization.CultureInfo culture) [0x00083] in <17d9ce77f27a4bd2afb5ba32c9bea976>:0 
  at System.Reflection.MethodBase.Invoke (System.Object obj, System.Object[] parameters) [0x00000] in <17d9ce77f27a4bd2afb5ba32c9bea976>:0 
  at UnityEditor.EditorAssemblies.ProcessInitializeOnLoadMethodAttributes () [0x000a5] in <5e6ebaa7d75c4d5399dc81ecead6b43f>:0 
UnityEngine.StackTraceUtility:ExtractStackTrace ()
UnityEngine.DebugLogHandler:LogFormat (UnityEngine.LogType,UnityEngine.Object,string,object[])
UnityEngine.Logger:Log (UnityEngine.LogType,object)
UnityEngine.Debug:LogError (object)
UnityEditor.EditorAssemblies:ProcessInitializeOnLoadMethodAttributes ()

Mono: successfully reloaded assembly
[Package Manager] Server::EnsureServerProcessIsRunning -- launch failed, reason: Unity was launched with the -noUpm command-line argument
[Package Manager] UpmClient::Send -- Unable to send message (not connected to UPM process).
[Package Manager] Cannot connect to Unity Package Manager local server
- Finished resetting the current domain, in  1.098 seconds
Domain Reload Profiling: 1593ms
	BeginReloadAssembly (163ms)
		ExecutionOrderSort (0ms)
		DisableScriptedObjects (5ms)
		BackupInstance (0ms)
		ReleaseScriptingObjects (0ms)
		CreateAndSetChildDomain (47ms)
	RebuildCommonClasses (34ms)
	RebuildNativeTypeToScriptingClass (14ms)
	initialDomainReloadingComplete (28ms)
	LoadAllAssembliesAndSetupDomain (256ms)
		LoadAssemblies (317ms)
		RebuildTransferFunctionScriptingTraits (0ms)
		AnalyzeDomain (19ms)
			TypeCache.Refresh (8ms)
				TypeCache.ScanAssembly (0ms)
			ScanForSourceGeneratedMonoScriptInfo (0ms)
			ResolveRequiredComponents (9ms)
	FinalizeReload (1098ms)
		ReleaseScriptCaches (0ms)
		RebuildScriptCaches (0ms)
		SetupLoadedEditorAssemblies (642ms)
			LogAssemblyErrors (0ms)
			InitializePlatformSupportModulesInManaged (5ms)
			SetLoadedEditorAssemblies (4ms)
			RefreshPlugins (0ms)
			BeforeProcessingInitializeOnLoad (66ms)
			ProcessInitializeOnLoadAttributes (520ms)
			ProcessInitializeOnLoadMethodAttributes (41ms)
			AfterProcessingInitializeOnLoad (6ms)
			EditorAssembliesLoaded (0ms)
		ExecutionOrderSort2 (0ms)
		AwakeInstancesAfterBackupRestoration (6ms)
Refreshing native plugins compatible for Editor in 16.51 ms, found 15 plugins.
Preloading 1 native plugins for Editor in 0.06 ms.
Unloading 4056 Unused Serialized files (Serialized files now loaded: 0)
Unloading 62 unused Assets / (50.8 KB). Loaded Objects now: 4581.
Memory consumption went from 157.1 MB to 157.1 MB.
Total: 5.063100 ms (FindLiveObjects: 0.392700 ms CreateObjectMapping: 0.353700 ms MarkObjects: 4.191500 ms  DeleteObjects: 0.123800 ms)

Prepare: number of updated asset objects reloaded= 0
AssetImportParameters requested are different than current active one (requested -> active):
  custom:container-demuxer-ogg: 62fdf1f143b41e24485cea50d1cbac27 -> 
  custom:video-codec-MediaFoundation-h265: 746d11721c4dcdbdad8f713fa42b33f4 -> 
  custom:video-decoder-ogg-theora: a1e56fd34408186e4bbccfd4996cb3dc -> 
  custom:framework-win-MediaFoundation: 216162199b28c13a410421893ffa2e32 -> 
  custom:CustomObjectIndexerAttribute: 6d391050e5a25f67b0a2c618074f2cd9 -> 
  custom:container-demuxer-webm: 4f35f7cbe854078d1ac9338744f61a02 -> 
  custom:container-muxer-webm: aa71ff27fc2769a1b78a27578f13a17b -> 
  custom:video-decoder-webm-vp8: 9c59270c3fd7afecdb556c50c9e8de78 -> 
  custom:SearchIndexIgnoredProperties: e643bd26f0fe6173181afceb89e7c659 -> 
  custom:AudioImporter_EditorPlatform: d09bf68614088b80899f8185d706f6e7 -> 
  custom:video-encoder-webm-vp8: eb34c28f22e8b96e1ab97ce403110664 -> 
  custom:audio-decoder-ogg-vorbis: bf7c407c2cedff20999df2af8eb42d56 -> 
  custom:audio-encoder-webm-vorbis: bf7c407c2cedff20999df2af8eb42d56 -> 
========================================================================
Received Prepare
Begin MonoManager ReloadAssembly
- Loaded All Assemblies, in  0.467 seconds
Refreshing native plugins compatible for Editor in 10.91 ms, found 15 plugins.
Native extension for WindowsStandalone target not found
Native extension for WebGL target not found
[Package Manager] Server::EnsureServerProcessIsRunning -- launch failed, reason: Unity was launched with the -noUpm command-line argument
[Package Manager] UpmClient::Send -- Unable to send message (not connected to UPM process).
[Package Manager] Cannot connect to Unity Package Manager local server
[Package Manager] Server::EnsureServerProcessIsRunning -- launch failed, reason: Unity was launched with the -noUpm command-line argument
[Package Manager] UpmClient::Send -- Unable to send message (not connected to UPM process).
[Package Manager] Cannot connect to Unity Package Manager local server
System.Reflection.TargetInvocationException: Exception has been thrown by the target of an invocation. ---> System.NullReferenceException: Object reference not set to an instance of an object
  at Unity.XR.Oculus.OculusLoader.AssetPathToAbsolutePath (System.String assetPath) [0x0003d] in .\Library\PackageCache\com.unity.xr.oculus@4.1.2\Runtime\OculusLoader.cs:287 
  at Unity.XR.Oculus.OculusLoader.EditorLoadOVRPlugin () [0x00084] in .\Library\PackageCache\com.unity.xr.oculus@4.1.2\Runtime\OculusLoader.cs:272 
  at (wrapper managed-to-native) System.Reflection.RuntimeMethodInfo.InternalInvoke(System.Reflection.RuntimeMethodInfo,object,object[],System.Exception&)
  at System.Reflection.RuntimeMethodInfo.Invoke (System.Object obj, System.Reflection.BindingFlags invokeAttr, System.Reflection.Binder binder, System.Object[] parameters, System.Globalization.CultureInfo culture) [0x0006a] in <17d9ce77f27a4bd2afb5ba32c9bea976>:0 
   --- End of inner exception stack trace ---
  at System.Reflection.RuntimeMethodInfo.Invoke (System.Object obj, System.Reflection.BindingFlags invokeAttr, System.Reflection.Binder binder, System.Object[] parameters, System.Globalization.CultureInfo culture) [0x00083] in <17d9ce77f27a4bd2afb5ba32c9bea976>:0 
  at System.Reflection.MethodBase.Invoke (System.Object obj, System.Object[] parameters) [0x00000] in <17d9ce77f27a4bd2afb5ba32c9bea976>:0 
  at UnityEditor.EditorAssemblies.ProcessInitializeOnLoadMethodAttributes () [0x000a5] in <5e6ebaa7d75c4d5399dc81ecead6b43f>:0 
UnityEngine.StackTraceUtility:ExtractStackTrace ()
UnityEngine.DebugLogHandler:LogFormat (UnityEngine.LogType,UnityEngine.Object,string,object[])
UnityEngine.Logger:Log (UnityEngine.LogType,object)
UnityEngine.Debug:LogError (object)
UnityEditor.EditorAssemblies:ProcessInitializeOnLoadMethodAttributes ()

Mono: successfully reloaded assembly
[Package Manager] Server::EnsureServerProcessIsRunning -- launch failed, reason: Unity was launched with the -noUpm command-line argument
[Package Manager] UpmClient::Send -- Unable to send message (not connected to UPM process).
[Package Manager] Cannot connect to Unity Package Manager local server
- Finished resetting the current domain, in  1.108 seconds
Domain Reload Profiling: 1575ms
	BeginReloadAssembly (166ms)
		ExecutionOrderSort (0ms)
		DisableScriptedObjects (5ms)
		BackupInstance (0ms)
		ReleaseScriptingObjects (0ms)
		CreateAndSetChildDomain (38ms)
	RebuildCommonClasses (37ms)
	RebuildNativeTypeToScriptingClass (13ms)
	initialDomainReloadingComplete (23ms)
	LoadAllAssembliesAndSetupDomain (228ms)
		LoadAssemblies (298ms)
		RebuildTransferFunctionScriptingTraits (0ms)
		AnalyzeDomain (16ms)
			TypeCache.Refresh (7ms)
				TypeCache.ScanAssembly (0ms)
			ScanForSourceGeneratedMonoScriptInfo (0ms)
			ResolveRequiredComponents (8ms)
	FinalizeReload (1109ms)
		ReleaseScriptCaches (0ms)
		RebuildScriptCaches (0ms)
		SetupLoadedEditorAssemblies (670ms)
			LogAssemblyErrors (0ms)
			InitializePlatformSupportModulesInManaged (7ms)
			SetLoadedEditorAssemblies (10ms)
			RefreshPlugins (0ms)
			BeforeProcessingInitializeOnLoad (81ms)
			ProcessInitializeOnLoadAttributes (521ms)
			ProcessInitializeOnLoadMethodAttributes (49ms)
			AfterProcessingInitializeOnLoad (3ms)
			EditorAssembliesLoaded (0ms)
		ExecutionOrderSort2 (0ms)
		AwakeInstancesAfterBackupRestoration (6ms)
Refreshing native plugins compatible for Editor in 16.11 ms, found 15 plugins.
Preloading 1 native plugins for Editor in 0.05 ms.
Unloading 4056 Unused Serialized files (Serialized files now loaded: 0)
Unloading 62 unused Assets / (50.9 KB). Loaded Objects now: 4585.
Memory consumption went from 159.1 MB to 159.0 MB.
Total: 4.604900 ms (FindLiveObjects: 0.411000 ms CreateObjectMapping: 0.432300 ms MarkObjects: 3.656400 ms  DeleteObjects: 0.104100 ms)

Prepare: number of updated asset objects reloaded= 0
AssetImportParameters requested are different than current active one (requested -> active):
  custom:container-demuxer-ogg: 62fdf1f143b41e24485cea50d1cbac27 -> 
  custom:video-codec-MediaFoundation-h265: 746d11721c4dcdbdad8f713fa42b33f4 -> 
  custom:video-decoder-ogg-theora: a1e56fd34408186e4bbccfd4996cb3dc -> 
  custom:framework-win-MediaFoundation: 216162199b28c13a410421893ffa2e32 -> 
  custom:CustomObjectIndexerAttribute: 6d391050e5a25f67b0a2c618074f2cd9 -> 
  custom:container-demuxer-webm: 4f35f7cbe854078d1ac9338744f61a02 -> 
  custom:container-muxer-webm: aa71ff27fc2769a1b78a27578f13a17b -> 
  custom:video-decoder-webm-vp8: 9c59270c3fd7afecdb556c50c9e8de78 -> 
  custom:SearchIndexIgnoredProperties: e643bd26f0fe6173181afceb89e7c659 -> 
  custom:AudioImporter_EditorPlatform: d09bf68614088b80899f8185d706f6e7 -> 
  custom:video-encoder-webm-vp8: eb34c28f22e8b96e1ab97ce403110664 -> 
  custom:audio-decoder-ogg-vorbis: bf7c407c2cedff20999df2af8eb42d56 -> 
  custom:audio-encoder-webm-vorbis: bf7c407c2cedff20999df2af8eb42d56 -> 
